


ARM Macro Assembler    Page 1 


    1 00000000         ;/****************************Copyright (c)*************
                       ********************************                        
                                    
    2 00000000         
    3 00000000         ;*
    4 00000000         
    5 00000000         ;*               (c) Copyright 2006-2008, hui lian. luo,
                        china, zj. hz 
    6 00000000         
    7 00000000         ;*                            All Rights Reserved
    8 00000000         
    9 00000000         ;*
   10 00000000         
   11 00000000         ;*         深圳市英蓓特信息技术有限公司
   12 00000000         
   13 00000000         ;*                            http://www.embedinfo.com
   14 00000000         
   15 00000000         ;*                            博格达科技有限公司
   16 00000000         
   17 00000000         ;*                            http://www.bogodtech.com  
                                              
   18 00000000         
   19 00000000         ;*
   20 00000000         
   21 00000000         ;*---------- File Info ---------------------------------
                       ------------------------------
   22 00000000         
   23 00000000         ;* File name:   stm32f10x_startup.s
   24 00000000         
   25 00000000         ;* Created By:   罗辉联(armgcc@foxmail.com, wyuyun@hotma
                       il.com, lhlzjut@hotmail.com)  
   26 00000000         
   27 00000000         ;* Created date:  2007.11.28
   28 00000000         
   29 00000000         ;* Descriptions:  This module performs:
   30 00000000         
   31 00000000         ;*                  - Set the initial SP
   32 00000000         
   33 00000000         ;*                  - Set the initial PC == Reset_Handle
                       r,
   34 00000000         
   35 00000000         ;*                  - Set the vector table entries with 
                       the exceptions ISR address,
   36 00000000         
   37 00000000         ;*                  - Branches to __main in the C librar
                       y (which eventually
   38 00000000         
   39 00000000         ;*                  calls main()).
   40 00000000         
   41 00000000         ;*                  After Reset the CortexM3 processor i
                       s in Thread mode,
   42 00000000         
   43 00000000         ;*                  priority is Privileged, and the Stac
                       k is set to Main.
   44 00000000         
   45 00000000         ;* Adviser:   楼东武(professor)  浙江大学信电系
   46 00000000         
   47 00000000         ;*
   48 00000000         



ARM Macro Assembler    Page 2 


   49 00000000         ;*---------- History Info ------------------------------
                       -------------------------------
   50 00000000         
   51 00000000         ;* Version:   Ver1.0
   52 00000000         
   53 00000000         ;* Descriptions:  Create Initilze file
   54 00000000         
   55 00000000         ;*
   56 00000000         
   57 00000000         ;*------------------------------------------------------
                       -------------------------------
   58 00000000         
   59 00000000         ;*******************************************************
                       *******************************/
   60 00000000         
   61 00000000         
   62 00000000         
   63 00000000         
   64 00000000         
   65 00000000         ;*******************************************************
                       ********************************
   66 00000000         
   67 00000000         ; Amount of memory (in bytes) allocated for Stack and He
                       ap
   68 00000000         
   69 00000000         ; Tailor those values to your application needs         
                        
   70 00000000         
   71 00000000         ;*******************************************************
                       ********************************
   72 00000000         
   73 00000000 00000200 
                       Stack_Size
                               EQU              0x200
   74 00000000         
   75 00000000 00000200 
                       Heap_Size
                               EQU              0x200
   76 00000000         
   77 00000000         
   78 00000000         
   79 00000000         ;*******************************************************
                       ************************
   80 00000000         
   81 00000000         ; Allocate space for the Stack
   82 00000000         
   83 00000000         ;*******************************************************
                       ************************
   84 00000000         
   85 00000000                 AREA             STACK, NOINIT, READWRITE, ALIGN
=3
   86 00000000         
   87 00000000         
   88 00000000         
   89 00000000         Stack
   90 00000000         
   91 00000000                 SPACE            Stack_Size
   92 00000200         
   93 00000200         



ARM Macro Assembler    Page 3 


   94 00000200         
   95 00000200         ;*******************************************************
                       ************************
   96 00000200         
   97 00000200         ; Allocate space for the Heap
   98 00000200         
   99 00000200         ;*******************************************************
                       ************************
  100 00000200         
  101 00000200                 AREA             HEAP, NOINIT, READWRITE, ALIGN=
3
  102 00000000         
  103 00000000         
  104 00000000         
  105 00000000         Heap
  106 00000000         
  107 00000000                 SPACE            Heap_Size
  108 00000200         
  109 00000200         
  110 00000200         
  111 00000200         ;*******************************************************
                       *************************
  112 00000200         
  113 00000200         ;*  Declarations for the interrupt handlers that are use
                       d by the application.                                   
                                                         
  114 00000200         
  115 00000200         ;*******************************************************
                       *************************
  116 00000200         
  117 00000200                 IMPORT           __main
  118 00000200         
  119 00000200         
  120 00000200         
  121 00000200                 IMPORT           OSPendSV
  122 00000200         
  123 00000200                 IMPORT           SysTickHandler
  124 00000200         
  125 00000200                 IMPORT           WWDG_IRQHandler
  126 00000200         
  127 00000200                 IMPORT           PVD_IRQHandler
  128 00000200         
  129 00000200                 IMPORT           TAMPER_IRQHandler
  130 00000200         
  131 00000200                 IMPORT           RTC_IRQHandler
  132 00000200         
  133 00000200                 IMPORT           FLASH_IRQHandler
  134 00000200         
  135 00000200                 IMPORT           RCC_IRQHandler
  136 00000200         
  137 00000200                 IMPORT           EXTI0_IRQHandler
  138 00000200         
  139 00000200                 IMPORT           EXTI1_IRQHandler
  140 00000200         
  141 00000200                 IMPORT           EXTI2_IRQHandler
  142 00000200         
  143 00000200                 IMPORT           EXTI3_IRQHandler
  144 00000200         
  145 00000200                 IMPORT           EXTI4_IRQHandler



ARM Macro Assembler    Page 4 


  146 00000200         
  147 00000200                 IMPORT           DMAChannel1_IRQHandler
  148 00000200         
  149 00000200                 IMPORT           DMAChannel2_IRQHandler
  150 00000200         
  151 00000200                 IMPORT           DMAChannel3_IRQHandler
  152 00000200         
  153 00000200                 IMPORT           DMAChannel4_IRQHandler
  154 00000200         
  155 00000200                 IMPORT           DMAChannel5_IRQHandler
  156 00000200         
  157 00000200                 IMPORT           DMAChannel6_IRQHandler
  158 00000200         
  159 00000200                 IMPORT           DMAChannel7_IRQHandler
  160 00000200         
  161 00000200                 IMPORT           ADC_IRQHandler
  162 00000200         
  163 00000200                 IMPORT           USB_HP_CAN_TX_IRQHandler
  164 00000200         
  165 00000200                 IMPORT           USB_LP_CAN_RX0_IRQHandler
  166 00000200         
  167 00000200                 IMPORT           CAN_RX1_IRQHandler
  168 00000200         
  169 00000200                 IMPORT           CAN_SCE_IRQHandler
  170 00000200         
  171 00000200                 IMPORT           EXTI9_5_IRQHandler
  172 00000200         
  173 00000200                 IMPORT           TIM1_BRK_IRQHandler
  174 00000200         
  175 00000200                 IMPORT           TIM1_UP_IRQHandler
  176 00000200         
  177 00000200                 IMPORT           TIM1_TRG_COM_IRQHandler
  178 00000200         
  179 00000200                 IMPORT           TIM1_CC_IRQHandler
  180 00000200         
  181 00000200                 IMPORT           TIM2_IRQHandler
  182 00000200         
  183 00000200                 IMPORT           TIM3_IRQHandler
  184 00000200         
  185 00000200                 IMPORT           TIM4_IRQHandler
  186 00000200         
  187 00000200                 IMPORT           I2C1_EV_IRQHandler
  188 00000200         
  189 00000200                 IMPORT           I2C1_ER_IRQHandler
  190 00000200         
  191 00000200                 IMPORT           I2C2_EV_IRQHandler
  192 00000200         
  193 00000200                 IMPORT           I2C2_ER_IRQHandler
  194 00000200         
  195 00000200                 IMPORT           SPI1_IRQHandler
  196 00000200         
  197 00000200                 IMPORT           SPI2_IRQHandler
  198 00000200         
  199 00000200                 IMPORT           USART1_IRQHandler
  200 00000200         
  201 00000200                 IMPORT           USART2_IRQHandler
  202 00000200         
  203 00000200                 IMPORT           USART3_IRQHandler
  204 00000200         



ARM Macro Assembler    Page 5 


  205 00000200                 IMPORT           EXTI15_10_IRQHandler
  206 00000200         
  207 00000200                 IMPORT           RTCAlarm_IRQHandler
  208 00000200         
  209 00000200                 IMPORT           USBWakeUp_IRQHandler
  210 00000200         
  211 00000200         
  212 00000200         
  213 00000200         
  214 00000200         
  215 00000200         
  216 00000200         
  217 00000200                 PRESERVE8
  218 00000200         
  219 00000200         
  220 00000200         
  221 00000200         ;*******************************************************
                       ***************************
  222 00000200         
  223 00000200         ;*  Reset code section.                                 
                                                                               
                                         
  224 00000200         
  225 00000200         ;*******************************************************
                       ***************************
  226 00000200         
  227 00000200                 AREA             RESET, CODE, READONLY
  228 00000000         
  229 00000000                 THUMB
  230 00000000         
  231 00000000         
  232 00000000         
  233 00000000         ;*******************************************************
                       ************************
  234 00000000         
  235 00000000         ; Fill-up the Vector Table entries with the exceptions I
                       SR address
  236 00000000         
  237 00000000         ;*******************************************************
                       ************************
  238 00000000         
  239 00000000                 EXPORT           __Vectors
  240 00000000         
  241 00000000         __Vectors
  242 00000000         
  243 00000000 00000200        DCD              Stack + Stack_Size 
                                                            ; Top of Stack
  244 00000004         
  245 00000004 00000000        DCD              Reset_Handler
  246 00000008         
  247 00000008 00000000        DCD              NMIException
  248 0000000C         
  249 0000000C 00000000        DCD              HardFaultException
  250 00000010         
  251 00000010 00000000        DCD              MemManageException
  252 00000014         
  253 00000014 00000000        DCD              BusFaultException
  254 00000018         
  255 00000018 00000000        DCD              UsageFaultException



ARM Macro Assembler    Page 6 


  256 0000001C         
  257 0000001C 00000000        DCD              0           ; Reserved
  258 00000020         
  259 00000020 00000000        DCD              0           ; Reserved
  260 00000024         
  261 00000024 00000000        DCD              0           ; Reserved
  262 00000028         
  263 00000028 00000000        DCD              0           ; Reserved
  264 0000002C         
  265 0000002C 00000000        DCD              SVCHandler
  266 00000030         
  267 00000030 00000000        DCD              DebugMonitor
  268 00000034         
  269 00000034 00000000        DCD              0           ; Reserved
  270 00000038         
  271 00000038 00000000        DCD              OSPendSV
  272 0000003C         
  273 0000003C 00000000        DCD              SysTickHandler
  274 00000040         
  275 00000040 00000000        DCD              WWDG_IRQHandler
  276 00000044         
  277 00000044 00000000        DCD              PVD_IRQHandler
  278 00000048         
  279 00000048 00000000        DCD              TAMPER_IRQHandler
  280 0000004C         
  281 0000004C 00000000        DCD              RTC_IRQHandler
  282 00000050         
  283 00000050 00000000        DCD              FLASH_IRQHandler
  284 00000054         
  285 00000054 00000000        DCD              RCC_IRQHandler
  286 00000058         
  287 00000058 00000000        DCD              EXTI0_IRQHandler
  288 0000005C         
  289 0000005C 00000000        DCD              EXTI1_IRQHandler
  290 00000060         
  291 00000060 00000000        DCD              EXTI2_IRQHandler
  292 00000064         
  293 00000064 00000000        DCD              EXTI3_IRQHandler
  294 00000068         
  295 00000068 00000000        DCD              EXTI4_IRQHandler
  296 0000006C         
  297 0000006C 00000000        DCD              DMAChannel1_IRQHandler
  298 00000070         
  299 00000070 00000000        DCD              DMAChannel2_IRQHandler
  300 00000074         
  301 00000074 00000000        DCD              DMAChannel3_IRQHandler
  302 00000078         
  303 00000078 00000000        DCD              DMAChannel4_IRQHandler
  304 0000007C         
  305 0000007C 00000000        DCD              DMAChannel5_IRQHandler
  306 00000080         
  307 00000080 00000000        DCD              DMAChannel6_IRQHandler
  308 00000084         
  309 00000084 00000000        DCD              DMAChannel7_IRQHandler
  310 00000088         
  311 00000088 00000000        DCD              ADC_IRQHandler
  312 0000008C         
  313 0000008C 00000000        DCD              USB_HP_CAN_TX_IRQHandler
  314 00000090         



ARM Macro Assembler    Page 7 


  315 00000090 00000000        DCD              USB_LP_CAN_RX0_IRQHandler
  316 00000094         
  317 00000094 00000000        DCD              CAN_RX1_IRQHandler
  318 00000098         
  319 00000098 00000000        DCD              CAN_SCE_IRQHandler
  320 0000009C         
  321 0000009C 00000000        DCD              EXTI9_5_IRQHandler
  322 000000A0         
  323 000000A0 00000000        DCD              TIM1_BRK_IRQHandler
  324 000000A4         
  325 000000A4 00000000        DCD              TIM1_UP_IRQHandler
  326 000000A8         
  327 000000A8 00000000        DCD              TIM1_TRG_COM_IRQHandler
  328 000000AC         
  329 000000AC 00000000        DCD              TIM1_CC_IRQHandler
  330 000000B0         
  331 000000B0 00000000        DCD              TIM2_IRQHandler
  332 000000B4         
  333 000000B4 00000000        DCD              TIM3_IRQHandler
  334 000000B8         
  335 000000B8 00000000        DCD              TIM4_IRQHandler
  336 000000BC         
  337 000000BC 00000000        DCD              I2C1_EV_IRQHandler
  338 000000C0         
  339 000000C0 00000000        DCD              I2C1_ER_IRQHandler
  340 000000C4         
  341 000000C4 00000000        DCD              I2C2_EV_IRQHandler
  342 000000C8         
  343 000000C8 00000000        DCD              I2C2_ER_IRQHandler
  344 000000CC         
  345 000000CC 00000000        DCD              SPI1_IRQHandler
  346 000000D0         
  347 000000D0 00000000        DCD              SPI2_IRQHandler
  348 000000D4         
  349 000000D4 00000000        DCD              USART1_IRQHandler
  350 000000D8         
  351 000000D8 00000000        DCD              USART2_IRQHandler
  352 000000DC         
  353 000000DC 00000000        DCD              USART3_IRQHandler
  354 000000E0         
  355 000000E0 00000000        DCD              EXTI15_10_IRQHandler
  356 000000E4         
  357 000000E4 00000000        DCD              RTCAlarm_IRQHandler
  358 000000E8         
  359 000000E8 00000000        DCD              USBWakeUp_IRQHandler
  360 000000EC         
  361 000000EC 00000000        DCD              0           ; Reserved
  362 000000F0         
  363 000000F0 00000000        DCD              0           ; Reserved
  364 000000F4         
  365 000000F4 00000000        DCD              0           ; Reserved
  366 000000F8         
  367 000000F8 00000000        DCD              0           ; Reserved
  368 000000FC         
  369 000000FC 00000000        DCD              0           ; Reserved
  370 00000100         
  371 00000100         
  372 00000100         
  373 00000100         ;*******************************************************



ARM Macro Assembler    Page 8 


                       ***********************************
  374 00000100         
  375 00000100         ;*  Reset entry
  376 00000100         
  377 00000100         ;*******************************************************
                       ***********************************
  378 00000100         
  379 00000100                 EXPORT           Reset_Handler
  380 00000100         
  381 00000100         Reset_Handler
  382 00000100         
  383 00000100                 IMPORT           __main
  384 00000100         
  385 00000100 4804            LDR              R0, =__main
  386 00000102         
  387 00000102 4700            BX               R0
  388 00000104         
  389 00000104         
  390 00000104         
  391 00000104         
  392 00000104         
  393 00000104         ;*******************************************************
                       ***********************************
  394 00000104         
  395 00000104         ;*  NMI exception handler. 
  396 00000104         
  397 00000104         ;*  It simply enters an infinite loop.
  398 00000104         
  399 00000104         ;*******************************************************
                       ***********************************
  400 00000104         
  401 00000104         NMIException
  402 00000104         
  403 00000104 E7FE            B                NMIException
  404 00000106         
  405 00000106         
  406 00000106         
  407 00000106         
  408 00000106         
  409 00000106         ;*******************************************************
                       ***********************************
  410 00000106         
  411 00000106         ;*  Fault interrupt handler. 
  412 00000106         
  413 00000106         ;*  It simply enters an infinite loop.
  414 00000106         
  415 00000106         ;*******************************************************
                       ***********************************
  416 00000106         
  417 00000106         HardFaultException
  418 00000106         
  419 00000106 E7FE            B                HardFaultException
  420 00000108         
  421 00000108         
  422 00000108         
  423 00000108         ;*******************************************************
                       ***********************************
  424 00000108         
  425 00000108         ;*  MemManage interrupt handler. 



ARM Macro Assembler    Page 9 


  426 00000108         
  427 00000108         ;*  It simply enters an infinite loop.
  428 00000108         
  429 00000108         ;*******************************************************
                       ***********************************
  430 00000108         
  431 00000108         MemManageException
  432 00000108         
  433 00000108 E7FE            B                MemManageException
  434 0000010A         
  435 0000010A         
  436 0000010A         
  437 0000010A         ;*******************************************************
                       ***********************************
  438 0000010A         
  439 0000010A         ;*  Bus Fault interrupt handler. 
  440 0000010A         
  441 0000010A         ;*  It simply enters an infinite loop.
  442 0000010A         
  443 0000010A         ;*******************************************************
                       ***********************************
  444 0000010A         
  445 0000010A         BusFaultException
  446 0000010A         
  447 0000010A E7FE            B                BusFaultException
  448 0000010C         
  449 0000010C         
  450 0000010C         
  451 0000010C         ;*******************************************************
                       ***********************************
  452 0000010C         
  453 0000010C         ;*  UsageFault interrupt handler. 
  454 0000010C         
  455 0000010C         ;*  It simply enters an infinite loop.
  456 0000010C         
  457 0000010C         ;*******************************************************
                       ***********************************
  458 0000010C         
  459 0000010C         UsageFaultException
  460 0000010C         
  461 0000010C E7FE            B                UsageFaultException
  462 0000010E         
  463 0000010E         
  464 0000010E         
  465 0000010E         ;*******************************************************
                       ***********************************
  466 0000010E         
  467 0000010E         ;*  DebugMonitor interrupt handler. 
  468 0000010E         
  469 0000010E         ;*  It simply enters an infinite loop.
  470 0000010E         
  471 0000010E         ;*******************************************************
                       ***********************************
  472 0000010E         
  473 0000010E         DebugMonitor
  474 0000010E         
  475 0000010E E7FE            B                DebugMonitor
  476 00000110         
  477 00000110         



ARM Macro Assembler    Page 10 


  478 00000110         
  479 00000110         ;*******************************************************
                       ***********************************
  480 00000110         
  481 00000110         ;*  SVCall interrupt handler. 
  482 00000110         
  483 00000110         ;*  It simply enters an infinite loop.
  484 00000110         
  485 00000110         ;*******************************************************
                       ***********************************
  486 00000110         
  487 00000110         SVCHandler
  488 00000110         
  489 00000110 E7FE            B                SVCHandler
  490 00000112         
  491 00000112         
  492 00000112         
  493 00000112         
  494 00000112         
  495 00000112         
  496 00000112         
  497 00000112         ;*******************************************************
                       ************************************
  498 00000112         
  499 00000112         ;*  Make sure the end of this section is aligned.
  500 00000112         
  501 00000112         ;*******************************************************
                       ************************************
  502 00000112         
  503 00000112 00 00           ALIGN
  504 00000114         
  505 00000114         
  506 00000114         
  507 00000114         
  508 00000114         
  509 00000114         ;*******************************************************
                       *************************************
  510 00000114         
  511 00000114         ;*  Code section for initializing the heap and stack    
                                                                               
                                                                     
  512 00000114         
  513 00000114         ;*******************************************************
                       *************************************
  514 00000114         
  515 00000114 00000000        AREA             |.text|, CODE, READONLY
  516 00000000         
  517 00000000         
  518 00000000         
  519 00000000         
  520 00000000         
  521 00000000         ;*******************************************************
                       *************************************
  522 00000000         
  523 00000000         ;*  The function expected of the C library startup 
  524 00000000         
  525 00000000         ;*  code for defining the stack and heap memory location
                       s. 
  526 00000000         



ARM Macro Assembler    Page 11 


  527 00000000         ;*******************************************************
                       *************************************
  528 00000000         
  529 00000000                 IMPORT           __use_two_region_memory
  530 00000000         
  531 00000000                 EXPORT           __user_initial_stackheap
  532 00000000         
  533 00000000         __user_initial_stackheap
  534 00000000         
  535 00000000 4802            LDR              R0, =Heap
  536 00000002         
  537 00000002 4903            LDR              R1, =(Stack + Stack_Size)
  538 00000004         
  539 00000004 4A03            LDR              R2, =(Heap + Heap_Size)
  540 00000006         
  541 00000006 4B04            LDR              R3, =Stack
  542 00000008         
  543 00000008 4770            BX               LR
  544 0000000A         
  545 0000000A         
  546 0000000A         
  547 0000000A         ;*******************************************************
                       ***********************************
  548 0000000A         
  549 0000000A         ;*  Make sure the end of this section is aligned.
  550 0000000A         
  551 0000000A         ;*******************************************************
                       ***********************************
  552 0000000A         
  553 0000000A 00 00           ALIGN
  554 0000000C         
  555 0000000C         
  556 0000000C         
  557 0000000C         
  558 0000000C         
  559 0000000C         ;*******************************************************
                       ************************************
  560 0000000C         
  561 0000000C         ;*  End Of File                                         
                                   
  562 0000000C         
  563 0000000C         ;*******************************************************
                       ************************************
  564 0000000C         
  565 0000000C                 END
              00000000 
              00000200 
              00000200 
              00000000 
Command Line: --debug --xref --cpu=Cortex-M3 --apcs=interwork --depend=.\Obj\st
m32f10x_startup.d -o.\Obj\stm32f10x_startup.o -I"E:\keil v4 for arm\ARM\RV31\IN
C" -I"E:\keil v4 for arm\ARM\CMSIS\Include" --predefine="ARM_MATH_CM3 SETA 1" -
-list=.\List\stm32f10x_startup.lst ..\startup\stm32f10x_startup.s



ARM Macro Assembler    Page 1 Alphabetic symbol ordering
Relocatable symbols

STACK 00000000

Symbol: STACK
   Definitions
      At line 85 in file ..\startup\stm32f10x_startup.s
   Uses
      None
Comment: STACK unused
Stack 00000000

Symbol: Stack
   Definitions
      At line 89 in file ..\startup\stm32f10x_startup.s
   Uses
      At line 243 in file ..\startup\stm32f10x_startup.s
      At line 537 in file ..\startup\stm32f10x_startup.s
      At line 541 in file ..\startup\stm32f10x_startup.s

2 symbols



ARM Macro Assembler    Page 1 Alphabetic symbol ordering
Relocatable symbols

HEAP 00000000

Symbol: HEAP
   Definitions
      At line 101 in file ..\startup\stm32f10x_startup.s
   Uses
      None
Comment: HEAP unused
Heap 00000000

Symbol: Heap
   Definitions
      At line 105 in file ..\startup\stm32f10x_startup.s
   Uses
      At line 535 in file ..\startup\stm32f10x_startup.s
      At line 539 in file ..\startup\stm32f10x_startup.s

2 symbols



ARM Macro Assembler    Page 1 Alphabetic symbol ordering
Relocatable symbols

BusFaultException 0000010A

Symbol: BusFaultException
   Definitions
      At line 445 in file ..\startup\stm32f10x_startup.s
   Uses
      At line 253 in file ..\startup\stm32f10x_startup.s
      At line 447 in file ..\startup\stm32f10x_startup.s

DebugMonitor 0000010E

Symbol: DebugMonitor
   Definitions
      At line 473 in file ..\startup\stm32f10x_startup.s
   Uses
      At line 267 in file ..\startup\stm32f10x_startup.s
      At line 475 in file ..\startup\stm32f10x_startup.s

HardFaultException 00000106

Symbol: HardFaultException
   Definitions
      At line 417 in file ..\startup\stm32f10x_startup.s
   Uses
      At line 249 in file ..\startup\stm32f10x_startup.s
      At line 419 in file ..\startup\stm32f10x_startup.s

MemManageException 00000108

Symbol: MemManageException
   Definitions
      At line 431 in file ..\startup\stm32f10x_startup.s
   Uses
      At line 251 in file ..\startup\stm32f10x_startup.s
      At line 433 in file ..\startup\stm32f10x_startup.s

NMIException 00000104

Symbol: NMIException
   Definitions
      At line 401 in file ..\startup\stm32f10x_startup.s
   Uses
      At line 247 in file ..\startup\stm32f10x_startup.s
      At line 403 in file ..\startup\stm32f10x_startup.s

RESET 00000000

Symbol: RESET
   Definitions
      At line 227 in file ..\startup\stm32f10x_startup.s
   Uses
      None
Comment: RESET unused
Reset_Handler 00000100

Symbol: Reset_Handler
   Definitions
      At line 381 in file ..\startup\stm32f10x_startup.s
   Uses



ARM Macro Assembler    Page 2 Alphabetic symbol ordering
Relocatable symbols

      At line 245 in file ..\startup\stm32f10x_startup.s
      At line 379 in file ..\startup\stm32f10x_startup.s

SVCHandler 00000110

Symbol: SVCHandler
   Definitions
      At line 487 in file ..\startup\stm32f10x_startup.s
   Uses
      At line 265 in file ..\startup\stm32f10x_startup.s
      At line 489 in file ..\startup\stm32f10x_startup.s

UsageFaultException 0000010C

Symbol: UsageFaultException
   Definitions
      At line 459 in file ..\startup\stm32f10x_startup.s
   Uses
      At line 255 in file ..\startup\stm32f10x_startup.s
      At line 461 in file ..\startup\stm32f10x_startup.s

__Vectors 00000000

Symbol: __Vectors
   Definitions
      At line 241 in file ..\startup\stm32f10x_startup.s
   Uses
      At line 239 in file ..\startup\stm32f10x_startup.s
Comment: __Vectors used once
10 symbols



ARM Macro Assembler    Page 1 Alphabetic symbol ordering
Relocatable symbols

.text 00000000

Symbol: .text
   Definitions
      At line 515 in file ..\startup\stm32f10x_startup.s
   Uses
      None
Comment: .text unused
__user_initial_stackheap 00000000

Symbol: __user_initial_stackheap
   Definitions
      At line 533 in file ..\startup\stm32f10x_startup.s
   Uses
      At line 531 in file ..\startup\stm32f10x_startup.s
Comment: __user_initial_stackheap used once
2 symbols



ARM Macro Assembler    Page 1 Alphabetic symbol ordering
Absolute symbols

Heap_Size 00000200

Symbol: Heap_Size
   Definitions
      At line 75 in file ..\startup\stm32f10x_startup.s
   Uses
      At line 107 in file ..\startup\stm32f10x_startup.s
      At line 539 in file ..\startup\stm32f10x_startup.s

Stack_Size 00000200

Symbol: Stack_Size
   Definitions
      At line 73 in file ..\startup\stm32f10x_startup.s
   Uses
      At line 91 in file ..\startup\stm32f10x_startup.s
      At line 243 in file ..\startup\stm32f10x_startup.s
      At line 537 in file ..\startup\stm32f10x_startup.s

2 symbols



ARM Macro Assembler    Page 1 Alphabetic symbol ordering
External symbols

ADC_IRQHandler 00000000

Symbol: ADC_IRQHandler
   Definitions
      At line 161 in file ..\startup\stm32f10x_startup.s
   Uses
      At line 311 in file ..\startup\stm32f10x_startup.s
Comment: ADC_IRQHandler used once
CAN_RX1_IRQHandler 00000000

Symbol: CAN_RX1_IRQHandler
   Definitions
      At line 167 in file ..\startup\stm32f10x_startup.s
   Uses
      At line 317 in file ..\startup\stm32f10x_startup.s
Comment: CAN_RX1_IRQHandler used once
CAN_SCE_IRQHandler 00000000

Symbol: CAN_SCE_IRQHandler
   Definitions
      At line 169 in file ..\startup\stm32f10x_startup.s
   Uses
      At line 319 in file ..\startup\stm32f10x_startup.s
Comment: CAN_SCE_IRQHandler used once
DMAChannel1_IRQHandler 00000000

Symbol: DMAChannel1_IRQHandler
   Definitions
      At line 147 in file ..\startup\stm32f10x_startup.s
   Uses
      At line 297 in file ..\startup\stm32f10x_startup.s
Comment: DMAChannel1_IRQHandler used once
DMAChannel2_IRQHandler 00000000

Symbol: DMAChannel2_IRQHandler
   Definitions
      At line 149 in file ..\startup\stm32f10x_startup.s
   Uses
      At line 299 in file ..\startup\stm32f10x_startup.s
Comment: DMAChannel2_IRQHandler used once
DMAChannel3_IRQHandler 00000000

Symbol: DMAChannel3_IRQHandler
   Definitions
      At line 151 in file ..\startup\stm32f10x_startup.s
   Uses
      At line 301 in file ..\startup\stm32f10x_startup.s
Comment: DMAChannel3_IRQHandler used once
DMAChannel4_IRQHandler 00000000

Symbol: DMAChannel4_IRQHandler
   Definitions
      At line 153 in file ..\startup\stm32f10x_startup.s
   Uses
      At line 303 in file ..\startup\stm32f10x_startup.s
Comment: DMAChannel4_IRQHandler used once
DMAChannel5_IRQHandler 00000000

Symbol: DMAChannel5_IRQHandler



ARM Macro Assembler    Page 2 Alphabetic symbol ordering
External symbols

   Definitions
      At line 155 in file ..\startup\stm32f10x_startup.s
   Uses
      At line 305 in file ..\startup\stm32f10x_startup.s
Comment: DMAChannel5_IRQHandler used once
DMAChannel6_IRQHandler 00000000

Symbol: DMAChannel6_IRQHandler
   Definitions
      At line 157 in file ..\startup\stm32f10x_startup.s
   Uses
      At line 307 in file ..\startup\stm32f10x_startup.s
Comment: DMAChannel6_IRQHandler used once
DMAChannel7_IRQHandler 00000000

Symbol: DMAChannel7_IRQHandler
   Definitions
      At line 159 in file ..\startup\stm32f10x_startup.s
   Uses
      At line 309 in file ..\startup\stm32f10x_startup.s
Comment: DMAChannel7_IRQHandler used once
EXTI0_IRQHandler 00000000

Symbol: EXTI0_IRQHandler
   Definitions
      At line 137 in file ..\startup\stm32f10x_startup.s
   Uses
      At line 287 in file ..\startup\stm32f10x_startup.s
Comment: EXTI0_IRQHandler used once
EXTI15_10_IRQHandler 00000000

Symbol: EXTI15_10_IRQHandler
   Definitions
      At line 205 in file ..\startup\stm32f10x_startup.s
   Uses
      At line 355 in file ..\startup\stm32f10x_startup.s
Comment: EXTI15_10_IRQHandler used once
EXTI1_IRQHandler 00000000

Symbol: EXTI1_IRQHandler
   Definitions
      At line 139 in file ..\startup\stm32f10x_startup.s
   Uses
      At line 289 in file ..\startup\stm32f10x_startup.s
Comment: EXTI1_IRQHandler used once
EXTI2_IRQHandler 00000000

Symbol: EXTI2_IRQHandler
   Definitions
      At line 141 in file ..\startup\stm32f10x_startup.s
   Uses
      At line 291 in file ..\startup\stm32f10x_startup.s
Comment: EXTI2_IRQHandler used once
EXTI3_IRQHandler 00000000

Symbol: EXTI3_IRQHandler
   Definitions
      At line 143 in file ..\startup\stm32f10x_startup.s
   Uses



ARM Macro Assembler    Page 3 Alphabetic symbol ordering
External symbols

      At line 293 in file ..\startup\stm32f10x_startup.s
Comment: EXTI3_IRQHandler used once
EXTI4_IRQHandler 00000000

Symbol: EXTI4_IRQHandler
   Definitions
      At line 145 in file ..\startup\stm32f10x_startup.s
   Uses
      At line 295 in file ..\startup\stm32f10x_startup.s
Comment: EXTI4_IRQHandler used once
EXTI9_5_IRQHandler 00000000

Symbol: EXTI9_5_IRQHandler
   Definitions
      At line 171 in file ..\startup\stm32f10x_startup.s
   Uses
      At line 321 in file ..\startup\stm32f10x_startup.s
Comment: EXTI9_5_IRQHandler used once
FLASH_IRQHandler 00000000

Symbol: FLASH_IRQHandler
   Definitions
      At line 133 in file ..\startup\stm32f10x_startup.s
   Uses
      At line 283 in file ..\startup\stm32f10x_startup.s
Comment: FLASH_IRQHandler used once
I2C1_ER_IRQHandler 00000000

Symbol: I2C1_ER_IRQHandler
   Definitions
      At line 189 in file ..\startup\stm32f10x_startup.s
   Uses
      At line 339 in file ..\startup\stm32f10x_startup.s
Comment: I2C1_ER_IRQHandler used once
I2C1_EV_IRQHandler 00000000

Symbol: I2C1_EV_IRQHandler
   Definitions
      At line 187 in file ..\startup\stm32f10x_startup.s
   Uses
      At line 337 in file ..\startup\stm32f10x_startup.s
Comment: I2C1_EV_IRQHandler used once
I2C2_ER_IRQHandler 00000000

Symbol: I2C2_ER_IRQHandler
   Definitions
      At line 193 in file ..\startup\stm32f10x_startup.s
   Uses
      At line 343 in file ..\startup\stm32f10x_startup.s
Comment: I2C2_ER_IRQHandler used once
I2C2_EV_IRQHandler 00000000

Symbol: I2C2_EV_IRQHandler
   Definitions
      At line 191 in file ..\startup\stm32f10x_startup.s
   Uses
      At line 341 in file ..\startup\stm32f10x_startup.s
Comment: I2C2_EV_IRQHandler used once
OSPendSV 00000000



ARM Macro Assembler    Page 4 Alphabetic symbol ordering
External symbols


Symbol: OSPendSV
   Definitions
      At line 121 in file ..\startup\stm32f10x_startup.s
   Uses
      At line 271 in file ..\startup\stm32f10x_startup.s
Comment: OSPendSV used once
PVD_IRQHandler 00000000

Symbol: PVD_IRQHandler
   Definitions
      At line 127 in file ..\startup\stm32f10x_startup.s
   Uses
      At line 277 in file ..\startup\stm32f10x_startup.s
Comment: PVD_IRQHandler used once
RCC_IRQHandler 00000000

Symbol: RCC_IRQHandler
   Definitions
      At line 135 in file ..\startup\stm32f10x_startup.s
   Uses
      At line 285 in file ..\startup\stm32f10x_startup.s
Comment: RCC_IRQHandler used once
RTCAlarm_IRQHandler 00000000

Symbol: RTCAlarm_IRQHandler
   Definitions
      At line 207 in file ..\startup\stm32f10x_startup.s
   Uses
      At line 357 in file ..\startup\stm32f10x_startup.s
Comment: RTCAlarm_IRQHandler used once
RTC_IRQHandler 00000000

Symbol: RTC_IRQHandler
   Definitions
      At line 131 in file ..\startup\stm32f10x_startup.s
   Uses
      At line 281 in file ..\startup\stm32f10x_startup.s
Comment: RTC_IRQHandler used once
SPI1_IRQHandler 00000000

Symbol: SPI1_IRQHandler
   Definitions
      At line 195 in file ..\startup\stm32f10x_startup.s
   Uses
      At line 345 in file ..\startup\stm32f10x_startup.s
Comment: SPI1_IRQHandler used once
SPI2_IRQHandler 00000000

Symbol: SPI2_IRQHandler
   Definitions
      At line 197 in file ..\startup\stm32f10x_startup.s
   Uses
      At line 347 in file ..\startup\stm32f10x_startup.s
Comment: SPI2_IRQHandler used once
SysTickHandler 00000000

Symbol: SysTickHandler
   Definitions



ARM Macro Assembler    Page 5 Alphabetic symbol ordering
External symbols

      At line 123 in file ..\startup\stm32f10x_startup.s
   Uses
      At line 273 in file ..\startup\stm32f10x_startup.s
Comment: SysTickHandler used once
TAMPER_IRQHandler 00000000

Symbol: TAMPER_IRQHandler
   Definitions
      At line 129 in file ..\startup\stm32f10x_startup.s
   Uses
      At line 279 in file ..\startup\stm32f10x_startup.s
Comment: TAMPER_IRQHandler used once
TIM1_BRK_IRQHandler 00000000

Symbol: TIM1_BRK_IRQHandler
   Definitions
      At line 173 in file ..\startup\stm32f10x_startup.s
   Uses
      At line 323 in file ..\startup\stm32f10x_startup.s
Comment: TIM1_BRK_IRQHandler used once
TIM1_CC_IRQHandler 00000000

Symbol: TIM1_CC_IRQHandler
   Definitions
      At line 179 in file ..\startup\stm32f10x_startup.s
   Uses
      At line 329 in file ..\startup\stm32f10x_startup.s
Comment: TIM1_CC_IRQHandler used once
TIM1_TRG_COM_IRQHandler 00000000

Symbol: TIM1_TRG_COM_IRQHandler
   Definitions
      At line 177 in file ..\startup\stm32f10x_startup.s
   Uses
      At line 327 in file ..\startup\stm32f10x_startup.s
Comment: TIM1_TRG_COM_IRQHandler used once
TIM1_UP_IRQHandler 00000000

Symbol: TIM1_UP_IRQHandler
   Definitions
      At line 175 in file ..\startup\stm32f10x_startup.s
   Uses
      At line 325 in file ..\startup\stm32f10x_startup.s
Comment: TIM1_UP_IRQHandler used once
TIM2_IRQHandler 00000000

Symbol: TIM2_IRQHandler
   Definitions
      At line 181 in file ..\startup\stm32f10x_startup.s
   Uses
      At line 331 in file ..\startup\stm32f10x_startup.s
Comment: TIM2_IRQHandler used once
TIM3_IRQHandler 00000000

Symbol: TIM3_IRQHandler
   Definitions
      At line 183 in file ..\startup\stm32f10x_startup.s
   Uses
      At line 333 in file ..\startup\stm32f10x_startup.s



ARM Macro Assembler    Page 6 Alphabetic symbol ordering
External symbols

Comment: TIM3_IRQHandler used once
TIM4_IRQHandler 00000000

Symbol: TIM4_IRQHandler
   Definitions
      At line 185 in file ..\startup\stm32f10x_startup.s
   Uses
      At line 335 in file ..\startup\stm32f10x_startup.s
Comment: TIM4_IRQHandler used once
USART1_IRQHandler 00000000

Symbol: USART1_IRQHandler
   Definitions
      At line 199 in file ..\startup\stm32f10x_startup.s
   Uses
      At line 349 in file ..\startup\stm32f10x_startup.s
Comment: USART1_IRQHandler used once
USART2_IRQHandler 00000000

Symbol: USART2_IRQHandler
   Definitions
      At line 201 in file ..\startup\stm32f10x_startup.s
   Uses
      At line 351 in file ..\startup\stm32f10x_startup.s
Comment: USART2_IRQHandler used once
USART3_IRQHandler 00000000

Symbol: USART3_IRQHandler
   Definitions
      At line 203 in file ..\startup\stm32f10x_startup.s
   Uses
      At line 353 in file ..\startup\stm32f10x_startup.s
Comment: USART3_IRQHandler used once
USBWakeUp_IRQHandler 00000000

Symbol: USBWakeUp_IRQHandler
   Definitions
      At line 209 in file ..\startup\stm32f10x_startup.s
   Uses
      At line 359 in file ..\startup\stm32f10x_startup.s
Comment: USBWakeUp_IRQHandler used once
USB_HP_CAN_TX_IRQHandler 00000000

Symbol: USB_HP_CAN_TX_IRQHandler
   Definitions
      At line 163 in file ..\startup\stm32f10x_startup.s
   Uses
      At line 313 in file ..\startup\stm32f10x_startup.s
Comment: USB_HP_CAN_TX_IRQHandler used once
USB_LP_CAN_RX0_IRQHandler 00000000

Symbol: USB_LP_CAN_RX0_IRQHandler
   Definitions
      At line 165 in file ..\startup\stm32f10x_startup.s
   Uses
      At line 315 in file ..\startup\stm32f10x_startup.s
Comment: USB_LP_CAN_RX0_IRQHandler used once
WWDG_IRQHandler 00000000




ARM Macro Assembler    Page 7 Alphabetic symbol ordering
External symbols

Symbol: WWDG_IRQHandler
   Definitions
      At line 125 in file ..\startup\stm32f10x_startup.s
   Uses
      At line 275 in file ..\startup\stm32f10x_startup.s
Comment: WWDG_IRQHandler used once
__main 00000000

Symbol: __main
   Definitions
      At line 117 in file ..\startup\stm32f10x_startup.s
      At line 383 in file ..\startup\stm32f10x_startup.s
   Uses
      At line 385 in file ..\startup\stm32f10x_startup.s
Warning: __main multiply definedComment: __main used once
__use_two_region_memory 00000000

Symbol: __use_two_region_memory
   Definitions
      At line 529 in file ..\startup\stm32f10x_startup.s
   Uses
      None
Comment: __use_two_region_memory unused
47 symbols
400 symbols in table
